{"/Users/k/Desktop/ecommerce node/services/productService.js": {"path":"/Users/k/Desktop/ecommerce node/services/productService.js","statementMap":{"0":{"start":{"line":1,"column":20},"end":{"line":1,"column":48}},"1":{"start":{"line":2,"column":15},"end":{"line":2,"column":35}},"2":{"start":{"line":3,"column":42},"end":{"line":3,"column":68}},"3":{"start":{"line":6,"column":8},"end":{"line":8,"column":9}},"4":{"start":{"line":7,"column":12},"end":{"line":7,"column":67}},"5":{"start":{"line":9,"column":24},"end":{"line":9,"column":57}},"6":{"start":{"line":10,"column":8},"end":{"line":10,"column":23}},"7":{"start":{"line":13,"column":8},"end":{"line":15,"column":9}},"8":{"start":{"line":14,"column":12},"end":{"line":14,"column":67}},"9":{"start":{"line":16,"column":24},"end":{"line":16,"column":50}},"10":{"start":{"line":17,"column":8},"end":{"line":19,"column":9}},"11":{"start":{"line":18,"column":12},"end":{"line":18,"column":57}},"12":{"start":{"line":20,"column":8},"end":{"line":20,"column":41}},"13":{"start":{"line":21,"column":8},"end":{"line":21,"column":23}},"14":{"start":{"line":24,"column":8},"end":{"line":26,"column":9}},"15":{"start":{"line":25,"column":12},"end":{"line":25,"column":67}},"16":{"start":{"line":27,"column":24},"end":{"line":27,"column":50}},"17":{"start":{"line":28,"column":8},"end":{"line":30,"column":9}},"18":{"start":{"line":29,"column":12},"end":{"line":29,"column":57}},"19":{"start":{"line":31,"column":8},"end":{"line":31,"column":32}},"20":{"start":{"line":34,"column":23},"end":{"line":34,"column":41}},"21":{"start":{"line":35,"column":22},"end":{"line":35,"column":40}},"22":{"start":{"line":36,"column":8},"end":{"line":38,"column":9}},"23":{"start":{"line":37,"column":12},"end":{"line":37,"column":38}},"24":{"start":{"line":39,"column":8},"end":{"line":43,"column":9}},"25":{"start":{"line":40,"column":12},"end":{"line":40,"column":29}},"26":{"start":{"line":41,"column":12},"end":{"line":41,"column":57}},"27":{"start":{"line":41,"column":26},"end":{"line":41,"column":57}},"28":{"start":{"line":42,"column":12},"end":{"line":42,"column":57}},"29":{"start":{"line":42,"column":26},"end":{"line":42,"column":57}},"30":{"start":{"line":44,"column":8},"end":{"line":49,"column":9}},"31":{"start":{"line":45,"column":12},"end":{"line":48,"column":14}},"32":{"start":{"line":50,"column":25},"end":{"line":55,"column":10}},"33":{"start":{"line":56,"column":8},"end":{"line":61,"column":10}},"34":{"start":{"line":64,"column":24},"end":{"line":64,"column":50}},"35":{"start":{"line":65,"column":8},"end":{"line":67,"column":9}},"36":{"start":{"line":66,"column":12},"end":{"line":66,"column":57}},"37":{"start":{"line":68,"column":8},"end":{"line":68,"column":23}},"38":{"start":{"line":71,"column":0},"end":{"line":71,"column":38}}},"fnMap":{"0":{"name":"(anonymous_0)","decl":{"start":{"line":5,"column":4},"end":{"line":5,"column":5}},"loc":{"start":{"line":5,"column":43},"end":{"line":11,"column":5}},"line":5},"1":{"name":"(anonymous_1)","decl":{"start":{"line":12,"column":4},"end":{"line":12,"column":5}},"loc":{"start":{"line":12,"column":46},"end":{"line":22,"column":5}},"line":12},"2":{"name":"(anonymous_2)","decl":{"start":{"line":23,"column":4},"end":{"line":23,"column":5}},"loc":{"start":{"line":23,"column":34},"end":{"line":32,"column":5}},"line":23},"3":{"name":"(anonymous_3)","decl":{"start":{"line":33,"column":4},"end":{"line":33,"column":5}},"loc":{"start":{"line":33,"column":75},"end":{"line":62,"column":5}},"line":33},"4":{"name":"(anonymous_4)","decl":{"start":{"line":63,"column":4},"end":{"line":63,"column":5}},"loc":{"start":{"line":63,"column":22},"end":{"line":69,"column":5}},"line":63}},"branchMap":{"0":{"loc":{"start":{"line":6,"column":8},"end":{"line":8,"column":9}},"type":"if","locations":[{"start":{"line":6,"column":8},"end":{"line":8,"column":9}},{"start":{},"end":{}}],"line":6},"1":{"loc":{"start":{"line":13,"column":8},"end":{"line":15,"column":9}},"type":"if","locations":[{"start":{"line":13,"column":8},"end":{"line":15,"column":9}},{"start":{},"end":{}}],"line":13},"2":{"loc":{"start":{"line":17,"column":8},"end":{"line":19,"column":9}},"type":"if","locations":[{"start":{"line":17,"column":8},"end":{"line":19,"column":9}},{"start":{},"end":{}}],"line":17},"3":{"loc":{"start":{"line":24,"column":8},"end":{"line":26,"column":9}},"type":"if","locations":[{"start":{"line":24,"column":8},"end":{"line":26,"column":9}},{"start":{},"end":{}}],"line":24},"4":{"loc":{"start":{"line":28,"column":8},"end":{"line":30,"column":9}},"type":"if","locations":[{"start":{"line":28,"column":8},"end":{"line":30,"column":9}},{"start":{},"end":{}}],"line":28},"5":{"loc":{"start":{"line":33,"column":15},"end":{"line":33,"column":23}},"type":"default-arg","locations":[{"start":{"line":33,"column":22},"end":{"line":33,"column":23}}],"line":33},"6":{"loc":{"start":{"line":33,"column":25},"end":{"line":33,"column":35}},"type":"default-arg","locations":[{"start":{"line":33,"column":33},"end":{"line":33,"column":35}}],"line":33},"7":{"loc":{"start":{"line":36,"column":8},"end":{"line":38,"column":9}},"type":"if","locations":[{"start":{"line":36,"column":8},"end":{"line":38,"column":9}},{"start":{},"end":{}}],"line":36},"8":{"loc":{"start":{"line":39,"column":8},"end":{"line":43,"column":9}},"type":"if","locations":[{"start":{"line":39,"column":8},"end":{"line":43,"column":9}},{"start":{},"end":{}}],"line":39},"9":{"loc":{"start":{"line":39,"column":12},"end":{"line":39,"column":32}},"type":"binary-expr","locations":[{"start":{"line":39,"column":12},"end":{"line":39,"column":20}},{"start":{"line":39,"column":24},"end":{"line":39,"column":32}}],"line":39},"10":{"loc":{"start":{"line":41,"column":12},"end":{"line":41,"column":57}},"type":"if","locations":[{"start":{"line":41,"column":12},"end":{"line":41,"column":57}},{"start":{},"end":{}}],"line":41},"11":{"loc":{"start":{"line":42,"column":12},"end":{"line":42,"column":57}},"type":"if","locations":[{"start":{"line":42,"column":12},"end":{"line":42,"column":57}},{"start":{},"end":{}}],"line":42},"12":{"loc":{"start":{"line":44,"column":8},"end":{"line":49,"column":9}},"type":"if","locations":[{"start":{"line":44,"column":8},"end":{"line":49,"column":9}},{"start":{},"end":{}}],"line":44},"13":{"loc":{"start":{"line":65,"column":8},"end":{"line":67,"column":9}},"type":"if","locations":[{"start":{"line":65,"column":8},"end":{"line":67,"column":9}},{"start":{},"end":{}}],"line":65}},"s":{"0":1,"1":1,"2":1,"3":2,"4":1,"5":1,"6":1,"7":3,"8":1,"9":2,"10":2,"11":1,"12":1,"13":1,"14":3,"15":1,"16":2,"17":2,"18":1,"19":1,"20":2,"21":2,"22":2,"23":1,"24":2,"25":1,"26":1,"27":1,"28":1,"29":1,"30":2,"31":1,"32":2,"33":2,"34":2,"35":2,"36":1,"37":1,"38":1},"f":{"0":2,"1":3,"2":3,"3":2,"4":2},"b":{"0":[1,1],"1":[1,2],"2":[1,1],"3":[1,2],"4":[1,1],"5":[0],"6":[0],"7":[1,1],"8":[1,1],"9":[2,1],"10":[1,0],"11":[1,0],"12":[1,1],"13":[1,1]},"_coverageSchema":"1a1c01bbd47fc00a2c39e90264f33305004495a9","hash":"aa578e2e20292c0ce813c8ff26fa4b631cf9fc74"}
,"/Users/k/Desktop/ecommerce node/utils/errors.js": {"path":"/Users/k/Desktop/ecommerce node/utils/errors.js","statementMap":{"0":{"start":{"line":3,"column":8},"end":{"line":3,"column":23}},"1":{"start":{"line":4,"column":8},"end":{"line":4,"column":37}},"2":{"start":{"line":5,"column":8},"end":{"line":5,"column":34}},"3":{"start":{"line":6,"column":8},"end":{"line":6,"column":56}},"4":{"start":{"line":11,"column":8},"end":{"line":11,"column":28}},"5":{"start":{"line":16,"column":8},"end":{"line":16,"column":28}},"6":{"start":{"line":21,"column":8},"end":{"line":21,"column":28}},"7":{"start":{"line":26,"column":8},"end":{"line":26,"column":28}},"8":{"start":{"line":29,"column":0},"end":{"line":35,"column":2}}},"fnMap":{"0":{"name":"(anonymous_0)","decl":{"start":{"line":2,"column":4},"end":{"line":2,"column":5}},"loc":{"start":{"line":2,"column":37},"end":{"line":7,"column":5}},"line":2},"1":{"name":"(anonymous_1)","decl":{"start":{"line":10,"column":4},"end":{"line":10,"column":5}},"loc":{"start":{"line":10,"column":41},"end":{"line":12,"column":5}},"line":10},"2":{"name":"(anonymous_2)","decl":{"start":{"line":15,"column":4},"end":{"line":15,"column":5}},"loc":{"start":{"line":15,"column":49},"end":{"line":17,"column":5}},"line":15},"3":{"name":"(anonymous_3)","decl":{"start":{"line":20,"column":4},"end":{"line":20,"column":5}},"loc":{"start":{"line":20,"column":43},"end":{"line":22,"column":5}},"line":20},"4":{"name":"(anonymous_4)","decl":{"start":{"line":25,"column":4},"end":{"line":25,"column":5}},"loc":{"start":{"line":25,"column":48},"end":{"line":27,"column":5}},"line":25}},"branchMap":{"0":{"loc":{"start":{"line":10,"column":16},"end":{"line":10,"column":39}},"type":"default-arg","locations":[{"start":{"line":10,"column":26},"end":{"line":10,"column":39}}],"line":10},"1":{"loc":{"start":{"line":15,"column":16},"end":{"line":15,"column":47}},"type":"default-arg","locations":[{"start":{"line":15,"column":26},"end":{"line":15,"column":47}}],"line":15},"2":{"loc":{"start":{"line":20,"column":16},"end":{"line":20,"column":41}},"type":"default-arg","locations":[{"start":{"line":20,"column":26},"end":{"line":20,"column":41}}],"line":20},"3":{"loc":{"start":{"line":25,"column":16},"end":{"line":25,"column":46}},"type":"default-arg","locations":[{"start":{"line":25,"column":26},"end":{"line":25,"column":46}}],"line":25}},"s":{"0":6,"1":6,"2":6,"3":6,"4":0,"5":0,"6":3,"7":3,"8":1},"f":{"0":6,"1":0,"2":0,"3":3,"4":3},"b":{"0":[0],"1":[0],"2":[0],"3":[0]},"_coverageSchema":"1a1c01bbd47fc00a2c39e90264f33305004495a9","hash":"802476c6dc4da8951e85a246c21aec5563743e71"}
}
