TN:
SF:services/productService.js
FN:5,(anonymous_0)
FN:12,(anonymous_1)
FN:23,(anonymous_2)
FN:33,(anonymous_3)
FN:63,(anonymous_4)
FNF:5
FNH:5
FNDA:2,(anonymous_0)
FNDA:3,(anonymous_1)
FNDA:3,(anonymous_2)
FNDA:2,(anonymous_3)
FNDA:2,(anonymous_4)
DA:1,1
DA:2,1
DA:3,1
DA:6,2
DA:7,1
DA:9,1
DA:10,1
DA:13,3
DA:14,1
DA:16,2
DA:17,2
DA:18,1
DA:20,1
DA:21,1
DA:24,3
DA:25,1
DA:27,2
DA:28,2
DA:29,1
DA:31,1
DA:34,2
DA:35,2
DA:36,2
DA:37,1
DA:39,2
DA:40,1
DA:41,1
DA:42,1
DA:44,2
DA:45,1
DA:50,2
DA:56,2
DA:64,2
DA:65,2
DA:66,1
DA:68,1
DA:71,1
LF:37
LH:37
BRDA:6,0,0,1
BRDA:6,0,1,1
BRDA:13,1,0,1
BRDA:13,1,1,2
BRDA:17,2,0,1
BRDA:17,2,1,1
BRDA:24,3,0,1
BRDA:24,3,1,2
BRDA:28,4,0,1
BRDA:28,4,1,1
BRDA:33,5,0,0
BRDA:33,6,0,0
BRDA:36,7,0,1
BRDA:36,7,1,1
BRDA:39,8,0,1
BRDA:39,8,1,1
BRDA:39,9,0,2
BRDA:39,9,1,1
BRDA:41,10,0,1
BRDA:41,10,1,0
BRDA:42,11,0,1
BRDA:42,11,1,0
BRDA:44,12,0,1
BRDA:44,12,1,1
BRDA:65,13,0,1
BRDA:65,13,1,1
BRF:26
BRH:22
end_of_record
TN:
SF:utils/errors.js
FN:2,(anonymous_0)
FN:10,(anonymous_1)
FN:15,(anonymous_2)
FN:20,(anonymous_3)
FN:25,(anonymous_4)
FNF:5
FNH:3
FNDA:6,(anonymous_0)
FNDA:0,(anonymous_1)
FNDA:0,(anonymous_2)
FNDA:3,(anonymous_3)
FNDA:3,(anonymous_4)
DA:3,6
DA:4,6
DA:5,6
DA:6,6
DA:11,0
DA:16,0
DA:21,3
DA:26,3
DA:29,1
LF:9
LH:7
BRDA:10,0,0,0
BRDA:15,1,0,0
BRDA:20,2,0,0
BRDA:25,3,0,0
BRF:4
BRH:0
end_of_record
